{"level":"debug","message":"::1 - - [14/Mar/2021:06:25:31 +0000] \"GET / HTTP/1.1\" 304 - \"-\" \"Mozilla/5.0 (X11; Linux x86_64) AppleWebKit/537.36 (KHTML, like Gecko) Chrome/89.0.4389.69 Safari/537.36\"\n","timestamp":"2021-03-14T06:25:31.406Z"}
{"level":"debug","message":"::1 - - [14/Mar/2021:06:25:31 +0000] \"GET /stylesheets/uikit.min.css HTTP/1.1\" 304 - \"http://localhost:9091/\" \"Mozilla/5.0 (X11; Linux x86_64) AppleWebKit/537.36 (KHTML, like Gecko) Chrome/89.0.4389.69 Safari/537.36\"\n","timestamp":"2021-03-14T06:25:31.456Z"}
{"level":"debug","message":"::1 - - [14/Mar/2021:06:25:31 +0000] \"GET /stylesheets/main.css HTTP/1.1\" 304 - \"http://localhost:9091/\" \"Mozilla/5.0 (X11; Linux x86_64) AppleWebKit/537.36 (KHTML, like Gecko) Chrome/89.0.4389.69 Safari/537.36\"\n","timestamp":"2021-03-14T06:25:31.459Z"}
{"level":"debug","message":"::1 - - [14/Mar/2021:06:25:31 +0000] \"GET /js/main.js HTTP/1.1\" 304 - \"http://localhost:9091/\" \"Mozilla/5.0 (X11; Linux x86_64) AppleWebKit/537.36 (KHTML, like Gecko) Chrome/89.0.4389.69 Safari/537.36\"\n","timestamp":"2021-03-14T06:25:31.469Z"}
{"level":"debug","message":"::1 - - [14/Mar/2021:06:25:31 +0000] \"GET /stylesheets/style.css HTTP/1.1\" 304 - \"http://localhost:9091/\" \"Mozilla/5.0 (X11; Linux x86_64) AppleWebKit/537.36 (KHTML, like Gecko) Chrome/89.0.4389.69 Safari/537.36\"\n","timestamp":"2021-03-14T06:25:31.471Z"}
{"level":"debug","message":"::1 - - [14/Mar/2021:06:25:31 +0000] \"GET /js/ajax.js HTTP/1.1\" 304 - \"http://localhost:9091/\" \"Mozilla/5.0 (X11; Linux x86_64) AppleWebKit/537.36 (KHTML, like Gecko) Chrome/89.0.4389.69 Safari/537.36\"\n","timestamp":"2021-03-14T06:25:31.473Z"}
{"level":"debug","message":"::1 - - [14/Mar/2021:06:25:31 +0000] \"GET /videos/alprVideo-.mp4 HTTP/1.1\" 304 - \"http://localhost:9091/\" \"Mozilla/5.0 (X11; Linux x86_64) AppleWebKit/537.36 (KHTML, like Gecko) Chrome/89.0.4389.69 Safari/537.36\"\n","timestamp":"2021-03-14T06:25:31.558Z"}
{"level":"debug","message":"::1 - - [14/Mar/2021:06:25:31 +0000] \"GET /videos/alprVideo-.mp4 HTTP/1.1\" 304 - \"http://localhost:9091/\" \"Mozilla/5.0 (X11; Linux x86_64) AppleWebKit/537.36 (KHTML, like Gecko) Chrome/89.0.4389.69 Safari/537.36\"\n","timestamp":"2021-03-14T06:25:31.708Z"}
{"level":"debug","message":"::1 - - [14/Mar/2021:06:25:32 +0000] \"GET /admin HTTP/1.1\" 304 - \"http://localhost:9091/\" \"Mozilla/5.0 (X11; Linux x86_64) AppleWebKit/537.36 (KHTML, like Gecko) Chrome/89.0.4389.69 Safari/537.36\"\n","timestamp":"2021-03-14T06:25:32.979Z"}
{"level":"debug","message":"::1 - - [14/Mar/2021:06:25:33 +0000] \"GET /stylesheets/uikit.min.css HTTP/1.1\" 304 - \"http://localhost:9091/admin\" \"Mozilla/5.0 (X11; Linux x86_64) AppleWebKit/537.36 (KHTML, like Gecko) Chrome/89.0.4389.69 Safari/537.36\"\n","timestamp":"2021-03-14T06:25:33.027Z"}
{"level":"debug","message":"::1 - - [14/Mar/2021:06:25:33 +0000] \"GET /stylesheets/main.css HTTP/1.1\" 304 - \"http://localhost:9091/admin\" \"Mozilla/5.0 (X11; Linux x86_64) AppleWebKit/537.36 (KHTML, like Gecko) Chrome/89.0.4389.69 Safari/537.36\"\n","timestamp":"2021-03-14T06:25:33.031Z"}
{"level":"debug","message":"::1 - - [14/Mar/2021:06:25:33 +0000] \"GET /stylesheets/style.css HTTP/1.1\" 304 - \"http://localhost:9091/admin\" \"Mozilla/5.0 (X11; Linux x86_64) AppleWebKit/537.36 (KHTML, like Gecko) Chrome/89.0.4389.69 Safari/537.36\"\n","timestamp":"2021-03-14T06:25:33.033Z"}
{"level":"debug","message":"::1 - - [14/Mar/2021:06:25:33 +0000] \"GET /js/main.js HTTP/1.1\" 304 - \"http://localhost:9091/admin\" \"Mozilla/5.0 (X11; Linux x86_64) AppleWebKit/537.36 (KHTML, like Gecko) Chrome/89.0.4389.69 Safari/537.36\"\n","timestamp":"2021-03-14T06:25:33.040Z"}
{"level":"debug","message":"::1 - - [14/Mar/2021:06:25:33 +0000] \"GET /admin/info HTTP/1.1\" 304 - \"http://localhost:9091/admin\" \"Mozilla/5.0 (X11; Linux x86_64) AppleWebKit/537.36 (KHTML, like Gecko) Chrome/89.0.4389.69 Safari/537.36\"\n","timestamp":"2021-03-14T06:25:33.121Z"}
{"level":"debug","message":"::1 - - [14/Mar/2021:06:25:33 +0000] \"GET / HTTP/1.1\" 304 - \"http://localhost:9091/admin\" \"Mozilla/5.0 (X11; Linux x86_64) AppleWebKit/537.36 (KHTML, like Gecko) Chrome/89.0.4389.69 Safari/537.36\"\n","timestamp":"2021-03-14T06:25:33.733Z"}
{"level":"debug","message":"::1 - - [14/Mar/2021:06:25:33 +0000] \"GET /stylesheets/uikit.min.css HTTP/1.1\" 304 - \"http://localhost:9091/\" \"Mozilla/5.0 (X11; Linux x86_64) AppleWebKit/537.36 (KHTML, like Gecko) Chrome/89.0.4389.69 Safari/537.36\"\n","timestamp":"2021-03-14T06:25:33.778Z"}
{"level":"debug","message":"::1 - - [14/Mar/2021:06:25:33 +0000] \"GET /stylesheets/main.css HTTP/1.1\" 304 - \"http://localhost:9091/\" \"Mozilla/5.0 (X11; Linux x86_64) AppleWebKit/537.36 (KHTML, like Gecko) Chrome/89.0.4389.69 Safari/537.36\"\n","timestamp":"2021-03-14T06:25:33.780Z"}
{"level":"debug","message":"::1 - - [14/Mar/2021:06:25:33 +0000] \"GET /stylesheets/style.css HTTP/1.1\" 304 - \"http://localhost:9091/\" \"Mozilla/5.0 (X11; Linux x86_64) AppleWebKit/537.36 (KHTML, like Gecko) Chrome/89.0.4389.69 Safari/537.36\"\n","timestamp":"2021-03-14T06:25:33.781Z"}
{"level":"debug","message":"::1 - - [14/Mar/2021:06:25:33 +0000] \"GET /js/main.js HTTP/1.1\" 304 - \"http://localhost:9091/\" \"Mozilla/5.0 (X11; Linux x86_64) AppleWebKit/537.36 (KHTML, like Gecko) Chrome/89.0.4389.69 Safari/537.36\"\n","timestamp":"2021-03-14T06:25:33.797Z"}
{"level":"debug","message":"::1 - - [14/Mar/2021:06:25:33 +0000] \"GET /js/ajax.js HTTP/1.1\" 304 - \"http://localhost:9091/\" \"Mozilla/5.0 (X11; Linux x86_64) AppleWebKit/537.36 (KHTML, like Gecko) Chrome/89.0.4389.69 Safari/537.36\"\n","timestamp":"2021-03-14T06:25:33.799Z"}
{"level":"debug","message":"::1 - - [14/Mar/2021:06:25:44 +0000] \"GET /alpr/plates HTTP/1.1\" 200 - \"http://localhost:9091/\" \"Mozilla/5.0 (X11; Linux x86_64) AppleWebKit/537.36 (KHTML, like Gecko) Chrome/89.0.4389.69 Safari/537.36\"\n","timestamp":"2021-03-14T06:25:44.627Z"}
{"level":"debug","message":"::1 - - [14/Mar/2021:06:25:59 +0000] \"GET /alpr/plates HTTP/1.1\" - - \"http://localhost:9091/\" \"Mozilla/5.0 (X11; Linux x86_64) AppleWebKit/537.36 (KHTML, like Gecko) Chrome/89.0.4389.69 Safari/537.36\"\n","timestamp":"2021-03-14T06:25:59.545Z"}
{"level":"debug","message":"::1 - - [14/Mar/2021:06:25:59 +0000] \"GET / HTTP/1.1\" 304 - \"-\" \"Mozilla/5.0 (X11; Linux x86_64) AppleWebKit/537.36 (KHTML, like Gecko) Chrome/89.0.4389.69 Safari/537.36\"\n","timestamp":"2021-03-14T06:25:59.554Z"}
{"level":"debug","message":"::1 - - [14/Mar/2021:06:25:59 +0000] \"GET /stylesheets/uikit.min.css HTTP/1.1\" 304 - \"http://localhost:9091/\" \"Mozilla/5.0 (X11; Linux x86_64) AppleWebKit/537.36 (KHTML, like Gecko) Chrome/89.0.4389.69 Safari/537.36\"\n","timestamp":"2021-03-14T06:25:59.599Z"}
{"level":"debug","message":"::1 - - [14/Mar/2021:06:25:59 +0000] \"GET /stylesheets/main.css HTTP/1.1\" 304 - \"http://localhost:9091/\" \"Mozilla/5.0 (X11; Linux x86_64) AppleWebKit/537.36 (KHTML, like Gecko) Chrome/89.0.4389.69 Safari/537.36\"\n","timestamp":"2021-03-14T06:25:59.606Z"}
{"level":"debug","message":"::1 - - [14/Mar/2021:06:25:59 +0000] \"GET /stylesheets/style.css HTTP/1.1\" 304 - \"http://localhost:9091/\" \"Mozilla/5.0 (X11; Linux x86_64) AppleWebKit/537.36 (KHTML, like Gecko) Chrome/89.0.4389.69 Safari/537.36\"\n","timestamp":"2021-03-14T06:25:59.613Z"}
{"level":"debug","message":"::1 - - [14/Mar/2021:06:25:59 +0000] \"GET /js/main.js HTTP/1.1\" 304 - \"http://localhost:9091/\" \"Mozilla/5.0 (X11; Linux x86_64) AppleWebKit/537.36 (KHTML, like Gecko) Chrome/89.0.4389.69 Safari/537.36\"\n","timestamp":"2021-03-14T06:25:59.617Z"}
{"level":"debug","message":"::1 - - [14/Mar/2021:06:25:59 +0000] \"GET /js/ajax.js HTTP/1.1\" 304 - \"http://localhost:9091/\" \"Mozilla/5.0 (X11; Linux x86_64) AppleWebKit/537.36 (KHTML, like Gecko) Chrome/89.0.4389.69 Safari/537.36\"\n","timestamp":"2021-03-14T06:25:59.632Z"}
{"level":"debug","message":"::1 - - [14/Mar/2021:06:26:23 +0000] \"GET / HTTP/1.1\" 304 - \"http://localhost:9091/\" \"Mozilla/5.0 (X11; Linux x86_64) AppleWebKit/537.36 (KHTML, like Gecko) Chrome/89.0.4389.69 Safari/537.36\"\n","timestamp":"2021-03-14T06:26:23.666Z"}
{"level":"debug","message":"::1 - - [14/Mar/2021:06:26:23 +0000] \"GET /stylesheets/uikit.min.css HTTP/1.1\" 304 - \"http://localhost:9091/\" \"Mozilla/5.0 (X11; Linux x86_64) AppleWebKit/537.36 (KHTML, like Gecko) Chrome/89.0.4389.69 Safari/537.36\"\n","timestamp":"2021-03-14T06:26:23.704Z"}
{"level":"debug","message":"::1 - - [14/Mar/2021:06:26:23 +0000] \"GET /stylesheets/main.css HTTP/1.1\" 304 - \"http://localhost:9091/\" \"Mozilla/5.0 (X11; Linux x86_64) AppleWebKit/537.36 (KHTML, like Gecko) Chrome/89.0.4389.69 Safari/537.36\"\n","timestamp":"2021-03-14T06:26:23.721Z"}
{"level":"debug","message":"::1 - - [14/Mar/2021:06:26:23 +0000] \"GET /stylesheets/style.css HTTP/1.1\" 304 - \"http://localhost:9091/\" \"Mozilla/5.0 (X11; Linux x86_64) AppleWebKit/537.36 (KHTML, like Gecko) Chrome/89.0.4389.69 Safari/537.36\"\n","timestamp":"2021-03-14T06:26:23.724Z"}
{"level":"debug","message":"::1 - - [14/Mar/2021:06:26:23 +0000] \"GET /js/main.js HTTP/1.1\" 304 - \"http://localhost:9091/\" \"Mozilla/5.0 (X11; Linux x86_64) AppleWebKit/537.36 (KHTML, like Gecko) Chrome/89.0.4389.69 Safari/537.36\"\n","timestamp":"2021-03-14T06:26:23.728Z"}
{"level":"debug","message":"::1 - - [14/Mar/2021:06:26:23 +0000] \"GET /js/ajax.js HTTP/1.1\" 304 - \"http://localhost:9091/\" \"Mozilla/5.0 (X11; Linux x86_64) AppleWebKit/537.36 (KHTML, like Gecko) Chrome/89.0.4389.69 Safari/537.36\"\n","timestamp":"2021-03-14T06:26:23.730Z"}
{"level":"debug","message":"::1 - - [14/Mar/2021:06:26:29 +0000] \"GET / HTTP/1.1\" 304 - \"-\" \"Mozilla/5.0 (X11; Linux x86_64) AppleWebKit/537.36 (KHTML, like Gecko) Chrome/89.0.4389.69 Safari/537.36\"\n","timestamp":"2021-03-14T06:26:29.027Z"}
{"level":"debug","message":"::1 - - [14/Mar/2021:06:26:29 +0000] \"GET /stylesheets/uikit.min.css HTTP/1.1\" 304 - \"http://localhost:9091/\" \"Mozilla/5.0 (X11; Linux x86_64) AppleWebKit/537.36 (KHTML, like Gecko) Chrome/89.0.4389.69 Safari/537.36\"\n","timestamp":"2021-03-14T06:26:29.108Z"}
{"level":"debug","message":"::1 - - [14/Mar/2021:06:26:29 +0000] \"GET /stylesheets/main.css HTTP/1.1\" 304 - \"http://localhost:9091/\" \"Mozilla/5.0 (X11; Linux x86_64) AppleWebKit/537.36 (KHTML, like Gecko) Chrome/89.0.4389.69 Safari/537.36\"\n","timestamp":"2021-03-14T06:26:29.114Z"}
{"level":"debug","message":"::1 - - [14/Mar/2021:06:26:29 +0000] \"GET /stylesheets/style.css HTTP/1.1\" 304 - \"http://localhost:9091/\" \"Mozilla/5.0 (X11; Linux x86_64) AppleWebKit/537.36 (KHTML, like Gecko) Chrome/89.0.4389.69 Safari/537.36\"\n","timestamp":"2021-03-14T06:26:29.118Z"}
{"level":"debug","message":"::1 - - [14/Mar/2021:06:26:29 +0000] \"GET /js/main.js HTTP/1.1\" 304 - \"http://localhost:9091/\" \"Mozilla/5.0 (X11; Linux x86_64) AppleWebKit/537.36 (KHTML, like Gecko) Chrome/89.0.4389.69 Safari/537.36\"\n","timestamp":"2021-03-14T06:26:29.123Z"}
{"level":"debug","message":"::1 - - [14/Mar/2021:06:26:29 +0000] \"GET /js/ajax.js HTTP/1.1\" 304 - \"http://localhost:9091/\" \"Mozilla/5.0 (X11; Linux x86_64) AppleWebKit/537.36 (KHTML, like Gecko) Chrome/89.0.4389.69 Safari/537.36\"\n","timestamp":"2021-03-14T06:26:29.125Z"}
{"level":"debug","message":"::1 - - [14/Mar/2021:06:26:29 +0000] \"GET /videos/alprVideo-.mp4 HTTP/1.1\" 304 - \"http://localhost:9091/\" \"Mozilla/5.0 (X11; Linux x86_64) AppleWebKit/537.36 (KHTML, like Gecko) Chrome/89.0.4389.69 Safari/537.36\"\n","timestamp":"2021-03-14T06:26:29.312Z"}
{"level":"debug","message":"::1 - - [14/Mar/2021:06:26:29 +0000] \"GET /videos/alprVideo-.mp4 HTTP/1.1\" 304 - \"http://localhost:9091/\" \"Mozilla/5.0 (X11; Linux x86_64) AppleWebKit/537.36 (KHTML, like Gecko) Chrome/89.0.4389.69 Safari/537.36\"\n","timestamp":"2021-03-14T06:26:29.526Z"}
{"level":"debug","message":"::1 - - [14/Mar/2021:06:26:30 +0000] \"GET /admin HTTP/1.1\" 304 - \"http://localhost:9091/\" \"Mozilla/5.0 (X11; Linux x86_64) AppleWebKit/537.36 (KHTML, like Gecko) Chrome/89.0.4389.69 Safari/537.36\"\n","timestamp":"2021-03-14T06:26:30.304Z"}
{"level":"debug","message":"::1 - - [14/Mar/2021:06:26:30 +0000] \"GET /stylesheets/uikit.min.css HTTP/1.1\" 304 - \"http://localhost:9091/admin\" \"Mozilla/5.0 (X11; Linux x86_64) AppleWebKit/537.36 (KHTML, like Gecko) Chrome/89.0.4389.69 Safari/537.36\"\n","timestamp":"2021-03-14T06:26:30.342Z"}
{"level":"debug","message":"::1 - - [14/Mar/2021:06:26:30 +0000] \"GET /stylesheets/main.css HTTP/1.1\" 304 - \"http://localhost:9091/admin\" \"Mozilla/5.0 (X11; Linux x86_64) AppleWebKit/537.36 (KHTML, like Gecko) Chrome/89.0.4389.69 Safari/537.36\"\n","timestamp":"2021-03-14T06:26:30.354Z"}
{"level":"debug","message":"::1 - - [14/Mar/2021:06:26:30 +0000] \"GET /stylesheets/style.css HTTP/1.1\" 304 - \"http://localhost:9091/admin\" \"Mozilla/5.0 (X11; Linux x86_64) AppleWebKit/537.36 (KHTML, like Gecko) Chrome/89.0.4389.69 Safari/537.36\"\n","timestamp":"2021-03-14T06:26:30.358Z"}
{"level":"debug","message":"::1 - - [14/Mar/2021:06:26:30 +0000] \"GET /js/main.js HTTP/1.1\" 304 - \"http://localhost:9091/admin\" \"Mozilla/5.0 (X11; Linux x86_64) AppleWebKit/537.36 (KHTML, like Gecko) Chrome/89.0.4389.69 Safari/537.36\"\n","timestamp":"2021-03-14T06:26:30.368Z"}
{"level":"debug","message":"::1 - - [14/Mar/2021:06:26:30 +0000] \"GET /admin/info HTTP/1.1\" 304 - \"http://localhost:9091/admin\" \"Mozilla/5.0 (X11; Linux x86_64) AppleWebKit/537.36 (KHTML, like Gecko) Chrome/89.0.4389.69 Safari/537.36\"\n","timestamp":"2021-03-14T06:26:30.415Z"}
{"level":"debug","message":"::1 - - [14/Mar/2021:06:26:35 +0000] \"GET /admin/cmd/alprlogs HTTP/1.1\" 304 - \"http://localhost:9091/admin\" \"Mozilla/5.0 (X11; Linux x86_64) AppleWebKit/537.36 (KHTML, like Gecko) Chrome/89.0.4389.69 Safari/537.36\"\n","timestamp":"2021-03-14T06:26:35.582Z"}
{"level":"debug","message":"::1 - - [14/Mar/2021:06:27:11 +0000] \"GET / HTTP/1.1\" 304 - \"http://localhost:9091/admin\" \"Mozilla/5.0 (X11; Linux x86_64) AppleWebKit/537.36 (KHTML, like Gecko) Chrome/89.0.4389.69 Safari/537.36\"\n","timestamp":"2021-03-14T06:27:11.732Z"}
{"level":"debug","message":"::1 - - [14/Mar/2021:06:27:11 +0000] \"GET /stylesheets/uikit.min.css HTTP/1.1\" 304 - \"http://localhost:9091/\" \"Mozilla/5.0 (X11; Linux x86_64) AppleWebKit/537.36 (KHTML, like Gecko) Chrome/89.0.4389.69 Safari/537.36\"\n","timestamp":"2021-03-14T06:27:11.786Z"}
{"level":"debug","message":"::1 - - [14/Mar/2021:06:27:11 +0000] \"GET /stylesheets/main.css HTTP/1.1\" 304 - \"http://localhost:9091/\" \"Mozilla/5.0 (X11; Linux x86_64) AppleWebKit/537.36 (KHTML, like Gecko) Chrome/89.0.4389.69 Safari/537.36\"\n","timestamp":"2021-03-14T06:27:11.790Z"}
{"level":"debug","message":"::1 - - [14/Mar/2021:06:27:11 +0000] \"GET /stylesheets/style.css HTTP/1.1\" 304 - \"http://localhost:9091/\" \"Mozilla/5.0 (X11; Linux x86_64) AppleWebKit/537.36 (KHTML, like Gecko) Chrome/89.0.4389.69 Safari/537.36\"\n","timestamp":"2021-03-14T06:27:11.798Z"}
{"level":"debug","message":"::1 - - [14/Mar/2021:06:27:11 +0000] \"GET /js/main.js HTTP/1.1\" 304 - \"http://localhost:9091/\" \"Mozilla/5.0 (X11; Linux x86_64) AppleWebKit/537.36 (KHTML, like Gecko) Chrome/89.0.4389.69 Safari/537.36\"\n","timestamp":"2021-03-14T06:27:11.800Z"}
{"level":"debug","message":"::1 - - [14/Mar/2021:06:27:11 +0000] \"GET /js/ajax.js HTTP/1.1\" 304 - \"http://localhost:9091/\" \"Mozilla/5.0 (X11; Linux x86_64) AppleWebKit/537.36 (KHTML, like Gecko) Chrome/89.0.4389.69 Safari/537.36\"\n","timestamp":"2021-03-14T06:27:11.803Z"}
{"level":"debug","message":"::1 - - [14/Mar/2021:06:27:11 +0000] \"GET /videos/alprVideo-.mp4 HTTP/1.1\" 304 - \"http://localhost:9091/\" \"Mozilla/5.0 (X11; Linux x86_64) AppleWebKit/537.36 (KHTML, like Gecko) Chrome/89.0.4389.69 Safari/537.36\"\n","timestamp":"2021-03-14T06:27:11.896Z"}
{"level":"debug","message":"::1 - - [14/Mar/2021:06:27:12 +0000] \"GET /videos/alprVideo-.mp4 HTTP/1.1\" 304 - \"http://localhost:9091/\" \"Mozilla/5.0 (X11; Linux x86_64) AppleWebKit/537.36 (KHTML, like Gecko) Chrome/89.0.4389.69 Safari/537.36\"\n","timestamp":"2021-03-14T06:27:12.037Z"}
{"level":"debug","message":"::1 - - [14/Mar/2021:06:27:12 +0000] \"GET /videos/alprVideo-.mp4 HTTP/1.1\" 206 11231150 \"http://localhost:9091/\" \"Mozilla/5.0 (X11; Linux x86_64) AppleWebKit/537.36 (KHTML, like Gecko) Chrome/89.0.4389.69 Safari/537.36\"\n","timestamp":"2021-03-14T06:27:12.054Z"}
{"level":"debug","message":"::1 - - [14/Mar/2021:06:27:15 +0000] \"GET /alpr/plates HTTP/1.1\" - - \"http://localhost:9091/\" \"Mozilla/5.0 (X11; Linux x86_64) AppleWebKit/537.36 (KHTML, like Gecko) Chrome/89.0.4389.69 Safari/537.36\"\n","timestamp":"2021-03-14T06:27:15.085Z"}
{"level":"debug","message":"::1 - - [14/Mar/2021:06:27:15 +0000] \"GET / HTTP/1.1\" 304 - \"-\" \"Mozilla/5.0 (X11; Linux x86_64) AppleWebKit/537.36 (KHTML, like Gecko) Chrome/89.0.4389.69 Safari/537.36\"\n","timestamp":"2021-03-14T06:27:15.099Z"}
{"level":"debug","message":"::1 - - [14/Mar/2021:06:27:15 +0000] \"GET /stylesheets/uikit.min.css HTTP/1.1\" 304 - \"http://localhost:9091/\" \"Mozilla/5.0 (X11; Linux x86_64) AppleWebKit/537.36 (KHTML, like Gecko) Chrome/89.0.4389.69 Safari/537.36\"\n","timestamp":"2021-03-14T06:27:15.141Z"}
{"level":"debug","message":"::1 - - [14/Mar/2021:06:27:15 +0000] \"GET /stylesheets/main.css HTTP/1.1\" 304 - \"http://localhost:9091/\" \"Mozilla/5.0 (X11; Linux x86_64) AppleWebKit/537.36 (KHTML, like Gecko) Chrome/89.0.4389.69 Safari/537.36\"\n","timestamp":"2021-03-14T06:27:15.143Z"}
{"level":"debug","message":"::1 - - [14/Mar/2021:06:27:15 +0000] \"GET /stylesheets/style.css HTTP/1.1\" 304 - \"http://localhost:9091/\" \"Mozilla/5.0 (X11; Linux x86_64) AppleWebKit/537.36 (KHTML, like Gecko) Chrome/89.0.4389.69 Safari/537.36\"\n","timestamp":"2021-03-14T06:27:15.152Z"}
{"level":"debug","message":"::1 - - [14/Mar/2021:06:27:15 +0000] \"GET /js/main.js HTTP/1.1\" 304 - \"http://localhost:9091/\" \"Mozilla/5.0 (X11; Linux x86_64) AppleWebKit/537.36 (KHTML, like Gecko) Chrome/89.0.4389.69 Safari/537.36\"\n","timestamp":"2021-03-14T06:27:15.155Z"}
{"level":"debug","message":"::1 - - [14/Mar/2021:06:27:15 +0000] \"GET /js/ajax.js HTTP/1.1\" 304 - \"http://localhost:9091/\" \"Mozilla/5.0 (X11; Linux x86_64) AppleWebKit/537.36 (KHTML, like Gecko) Chrome/89.0.4389.69 Safari/537.36\"\n","timestamp":"2021-03-14T06:27:15.157Z"}
{"level":"debug","message":"::1 - - [14/Mar/2021:06:27:17 +0000] \"GET /admin HTTP/1.1\" 304 - \"http://localhost:9091/\" \"Mozilla/5.0 (X11; Linux x86_64) AppleWebKit/537.36 (KHTML, like Gecko) Chrome/89.0.4389.69 Safari/537.36\"\n","timestamp":"2021-03-14T06:27:17.373Z"}
{"level":"debug","message":"::1 - - [14/Mar/2021:06:27:17 +0000] \"GET /stylesheets/uikit.min.css HTTP/1.1\" 304 - \"http://localhost:9091/admin\" \"Mozilla/5.0 (X11; Linux x86_64) AppleWebKit/537.36 (KHTML, like Gecko) Chrome/89.0.4389.69 Safari/537.36\"\n","timestamp":"2021-03-14T06:27:17.414Z"}
{"level":"debug","message":"::1 - - [14/Mar/2021:06:27:17 +0000] \"GET /stylesheets/main.css HTTP/1.1\" 304 - \"http://localhost:9091/admin\" \"Mozilla/5.0 (X11; Linux x86_64) AppleWebKit/537.36 (KHTML, like Gecko) Chrome/89.0.4389.69 Safari/537.36\"\n","timestamp":"2021-03-14T06:27:17.425Z"}
{"level":"debug","message":"::1 - - [14/Mar/2021:06:27:17 +0000] \"GET /stylesheets/style.css HTTP/1.1\" 304 - \"http://localhost:9091/admin\" \"Mozilla/5.0 (X11; Linux x86_64) AppleWebKit/537.36 (KHTML, like Gecko) Chrome/89.0.4389.69 Safari/537.36\"\n","timestamp":"2021-03-14T06:27:17.428Z"}
{"level":"debug","message":"::1 - - [14/Mar/2021:06:27:17 +0000] \"GET /js/main.js HTTP/1.1\" 304 - \"http://localhost:9091/admin\" \"Mozilla/5.0 (X11; Linux x86_64) AppleWebKit/537.36 (KHTML, like Gecko) Chrome/89.0.4389.69 Safari/537.36\"\n","timestamp":"2021-03-14T06:27:17.430Z"}
{"level":"debug","message":"::1 - - [14/Mar/2021:06:27:17 +0000] \"GET /admin/info HTTP/1.1\" 200 21787 \"http://localhost:9091/admin\" \"Mozilla/5.0 (X11; Linux x86_64) AppleWebKit/537.36 (KHTML, like Gecko) Chrome/89.0.4389.69 Safari/537.36\"\n","timestamp":"2021-03-14T06:27:17.510Z"}
{"level":"debug","message":"::1 - - [14/Mar/2021:06:28:23 +0000] \"GET /admin/cmd/startlpr HTTP/1.1\" 200 112 \"http://localhost:9091/admin\" \"Mozilla/5.0 (X11; Linux x86_64) AppleWebKit/537.36 (KHTML, like Gecko) Chrome/89.0.4389.69 Safari/537.36\"\n","timestamp":"2021-03-14T06:28:23.851Z"}
{"level":"debug","message":"::1 - - [14/Mar/2021:06:28:26 +0000] \"GET /admin/cmd/alprlogs HTTP/1.1\" 200 85 \"http://localhost:9091/admin\" \"Mozilla/5.0 (X11; Linux x86_64) AppleWebKit/537.36 (KHTML, like Gecko) Chrome/89.0.4389.69 Safari/537.36\"\n","timestamp":"2021-03-14T06:28:26.601Z"}
{"level":"debug","message":"::1 - - [14/Mar/2021:06:28:27 +0000] \"GET /admin/cmd/alprlogs HTTP/1.1\" 304 - \"http://localhost:9091/admin\" \"Mozilla/5.0 (X11; Linux x86_64) AppleWebKit/537.36 (KHTML, like Gecko) Chrome/89.0.4389.69 Safari/537.36\"\n","timestamp":"2021-03-14T06:28:27.750Z"}
{"level":"debug","message":"::1 - - [14/Mar/2021:06:29:49 +0000] \"GET /admin HTTP/1.1\" 304 - \"http://localhost:9091/\" \"Mozilla/5.0 (X11; Linux x86_64) AppleWebKit/537.36 (KHTML, like Gecko) Chrome/89.0.4389.69 Safari/537.36\"\n","timestamp":"2021-03-14T06:29:49.057Z"}
{"level":"debug","message":"::1 - - [14/Mar/2021:06:29:49 +0000] \"GET /stylesheets/uikit.min.css HTTP/1.1\" 304 - \"http://localhost:9091/admin\" \"Mozilla/5.0 (X11; Linux x86_64) AppleWebKit/537.36 (KHTML, like Gecko) Chrome/89.0.4389.69 Safari/537.36\"\n","timestamp":"2021-03-14T06:29:49.108Z"}
{"level":"debug","message":"::1 - - [14/Mar/2021:06:29:49 +0000] \"GET /stylesheets/main.css HTTP/1.1\" 304 - \"http://localhost:9091/admin\" \"Mozilla/5.0 (X11; Linux x86_64) AppleWebKit/537.36 (KHTML, like Gecko) Chrome/89.0.4389.69 Safari/537.36\"\n","timestamp":"2021-03-14T06:29:49.111Z"}
{"level":"debug","message":"::1 - - [14/Mar/2021:06:29:49 +0000] \"GET /stylesheets/style.css HTTP/1.1\" 304 - \"http://localhost:9091/admin\" \"Mozilla/5.0 (X11; Linux x86_64) AppleWebKit/537.36 (KHTML, like Gecko) Chrome/89.0.4389.69 Safari/537.36\"\n","timestamp":"2021-03-14T06:29:49.116Z"}
{"level":"debug","message":"::1 - - [14/Mar/2021:06:29:49 +0000] \"GET /js/main.js HTTP/1.1\" 304 - \"http://localhost:9091/admin\" \"Mozilla/5.0 (X11; Linux x86_64) AppleWebKit/537.36 (KHTML, like Gecko) Chrome/89.0.4389.69 Safari/537.36\"\n","timestamp":"2021-03-14T06:29:49.118Z"}
{"level":"debug","message":"::1 - - [14/Mar/2021:06:29:49 +0000] \"GET /videos/alprVideo-.mp4 HTTP/1.1\" 304 - \"http://localhost:9091/admin\" \"Mozilla/5.0 (X11; Linux x86_64) AppleWebKit/537.36 (KHTML, like Gecko) Chrome/89.0.4389.69 Safari/537.36\"\n","timestamp":"2021-03-14T06:29:49.196Z"}
{"level":"debug","message":"::1 - - [14/Mar/2021:06:29:49 +0000] \"GET /admin/info HTTP/1.1\" 200 3227 \"http://localhost:9091/admin\" \"Mozilla/5.0 (X11; Linux x86_64) AppleWebKit/537.36 (KHTML, like Gecko) Chrome/89.0.4389.69 Safari/537.36\"\n","timestamp":"2021-03-14T06:29:49.213Z"}
{"level":"debug","message":"::1 - - [14/Mar/2021:06:29:49 +0000] \"GET /videos/alprVideo-.mp4 HTTP/1.1\" 304 - \"http://localhost:9091/admin\" \"Mozilla/5.0 (X11; Linux x86_64) AppleWebKit/537.36 (KHTML, like Gecko) Chrome/89.0.4389.69 Safari/537.36\"\n","timestamp":"2021-03-14T06:29:49.311Z"}
{"level":"debug","message":"::1 - - [14/Mar/2021:06:29:56 +0000] \"GET /admin/cmd/alprlogs HTTP/1.1\" 200 3283 \"http://localhost:9091/admin\" \"Mozilla/5.0 (X11; Linux x86_64) AppleWebKit/537.36 (KHTML, like Gecko) Chrome/89.0.4389.69 Safari/537.36\"\n","timestamp":"2021-03-14T06:29:56.285Z"}
{"level":"debug","message":"::1 - - [14/Mar/2021:06:30:15 +0000] \"GET /admin/cmd/alprlogs HTTP/1.1\" 200 3285 \"http://localhost:9091/admin\" \"Mozilla/5.0 (X11; Linux x86_64) AppleWebKit/537.36 (KHTML, like Gecko) Chrome/89.0.4389.69 Safari/537.36\"\n","timestamp":"2021-03-14T06:30:15.173Z"}
{"level":"debug","message":"::1 - - [14/Mar/2021:06:30:58 +0000] \"GET / HTTP/1.1\" 304 - \"-\" \"Mozilla/5.0 (X11; Linux x86_64) AppleWebKit/537.36 (KHTML, like Gecko) Chrome/89.0.4389.69 Safari/537.36\"\n","timestamp":"2021-03-14T06:30:58.766Z"}
{"level":"debug","message":"::1 - - [14/Mar/2021:06:30:58 +0000] \"GET /stylesheets/uikit.min.css HTTP/1.1\" 304 - \"http://localhost:9091/\" \"Mozilla/5.0 (X11; Linux x86_64) AppleWebKit/537.36 (KHTML, like Gecko) Chrome/89.0.4389.69 Safari/537.36\"\n","timestamp":"2021-03-14T06:30:58.834Z"}
{"level":"debug","message":"::1 - - [14/Mar/2021:06:30:58 +0000] \"GET /stylesheets/main.css HTTP/1.1\" 304 - \"http://localhost:9091/\" \"Mozilla/5.0 (X11; Linux x86_64) AppleWebKit/537.36 (KHTML, like Gecko) Chrome/89.0.4389.69 Safari/537.36\"\n","timestamp":"2021-03-14T06:30:58.836Z"}
{"level":"debug","message":"::1 - - [14/Mar/2021:06:30:58 +0000] \"GET /stylesheets/style.css HTTP/1.1\" 304 - \"http://localhost:9091/\" \"Mozilla/5.0 (X11; Linux x86_64) AppleWebKit/537.36 (KHTML, like Gecko) Chrome/89.0.4389.69 Safari/537.36\"\n","timestamp":"2021-03-14T06:30:58.844Z"}
{"level":"debug","message":"::1 - - [14/Mar/2021:06:30:58 +0000] \"GET /js/main.js HTTP/1.1\" 304 - \"http://localhost:9091/\" \"Mozilla/5.0 (X11; Linux x86_64) AppleWebKit/537.36 (KHTML, like Gecko) Chrome/89.0.4389.69 Safari/537.36\"\n","timestamp":"2021-03-14T06:30:58.846Z"}
{"level":"debug","message":"::1 - - [14/Mar/2021:06:30:58 +0000] \"GET /js/ajax.js HTTP/1.1\" 304 - \"http://localhost:9091/\" \"Mozilla/5.0 (X11; Linux x86_64) AppleWebKit/537.36 (KHTML, like Gecko) Chrome/89.0.4389.69 Safari/537.36\"\n","timestamp":"2021-03-14T06:30:58.848Z"}
{"level":"debug","message":"::1 - - [14/Mar/2021:06:30:58 +0000] \"GET /videos/alprVideo-.mp4 HTTP/1.1\" 304 - \"http://localhost:9091/\" \"Mozilla/5.0 (X11; Linux x86_64) AppleWebKit/537.36 (KHTML, like Gecko) Chrome/89.0.4389.69 Safari/537.36\"\n","timestamp":"2021-03-14T06:30:58.898Z"}
{"level":"debug","message":"::1 - - [14/Mar/2021:06:30:59 +0000] \"GET /videos/alprVideo-.mp4 HTTP/1.1\" 304 - \"http://localhost:9091/\" \"Mozilla/5.0 (X11; Linux x86_64) AppleWebKit/537.36 (KHTML, like Gecko) Chrome/89.0.4389.69 Safari/537.36\"\n","timestamp":"2021-03-14T06:30:59.041Z"}
{"level":"debug","message":"::1 - - [14/Mar/2021:06:31:00 +0000] \"GET /admin HTTP/1.1\" 304 - \"http://localhost:9091/\" \"Mozilla/5.0 (X11; Linux x86_64) AppleWebKit/537.36 (KHTML, like Gecko) Chrome/89.0.4389.69 Safari/537.36\"\n","timestamp":"2021-03-14T06:31:00.509Z"}
{"level":"debug","message":"::1 - - [14/Mar/2021:06:31:00 +0000] \"GET /stylesheets/uikit.min.css HTTP/1.1\" 304 - \"http://localhost:9091/admin\" \"Mozilla/5.0 (X11; Linux x86_64) AppleWebKit/537.36 (KHTML, like Gecko) Chrome/89.0.4389.69 Safari/537.36\"\n","timestamp":"2021-03-14T06:31:00.550Z"}
{"level":"debug","message":"::1 - - [14/Mar/2021:06:31:00 +0000] \"GET /stylesheets/main.css HTTP/1.1\" 304 - \"http://localhost:9091/admin\" \"Mozilla/5.0 (X11; Linux x86_64) AppleWebKit/537.36 (KHTML, like Gecko) Chrome/89.0.4389.69 Safari/537.36\"\n","timestamp":"2021-03-14T06:31:00.555Z"}
{"level":"debug","message":"::1 - - [14/Mar/2021:06:31:00 +0000] \"GET /stylesheets/style.css HTTP/1.1\" 304 - \"http://localhost:9091/admin\" \"Mozilla/5.0 (X11; Linux x86_64) AppleWebKit/537.36 (KHTML, like Gecko) Chrome/89.0.4389.69 Safari/537.36\"\n","timestamp":"2021-03-14T06:31:00.562Z"}
{"level":"debug","message":"::1 - - [14/Mar/2021:06:31:00 +0000] \"GET /js/main.js HTTP/1.1\" 304 - \"http://localhost:9091/admin\" \"Mozilla/5.0 (X11; Linux x86_64) AppleWebKit/537.36 (KHTML, like Gecko) Chrome/89.0.4389.69 Safari/537.36\"\n","timestamp":"2021-03-14T06:31:00.564Z"}
{"level":"debug","message":"::1 - - [14/Mar/2021:06:31:00 +0000] \"GET /admin/info HTTP/1.1\" 200 3204 \"http://localhost:9091/admin\" \"Mozilla/5.0 (X11; Linux x86_64) AppleWebKit/537.36 (KHTML, like Gecko) Chrome/89.0.4389.69 Safari/537.36\"\n","timestamp":"2021-03-14T06:31:00.647Z"}
{"level":"debug","message":"::1 - - [14/Mar/2021:06:31:02 +0000] \"GET /admin/cmd/alprlogs HTTP/1.1\" 200 3175 \"http://localhost:9091/admin\" \"Mozilla/5.0 (X11; Linux x86_64) AppleWebKit/537.36 (KHTML, like Gecko) Chrome/89.0.4389.69 Safari/537.36\"\n","timestamp":"2021-03-14T06:31:02.091Z"}
{"level":"debug","message":"::1 - - [14/Mar/2021:06:33:08 +0000] \"GET /admin HTTP/1.1\" 304 - \"http://localhost:9091/\" \"Mozilla/5.0 (X11; Linux x86_64) AppleWebKit/537.36 (KHTML, like Gecko) Chrome/89.0.4389.69 Safari/537.36\"\n","timestamp":"2021-03-14T06:33:08.988Z"}
{"level":"debug","message":"::1 - - [14/Mar/2021:06:33:09 +0000] \"GET /stylesheets/uikit.min.css HTTP/1.1\" 304 - \"http://localhost:9091/admin\" \"Mozilla/5.0 (X11; Linux x86_64) AppleWebKit/537.36 (KHTML, like Gecko) Chrome/89.0.4389.69 Safari/537.36\"\n","timestamp":"2021-03-14T06:33:09.039Z"}
{"level":"debug","message":"::1 - - [14/Mar/2021:06:33:09 +0000] \"GET /stylesheets/main.css HTTP/1.1\" 304 - \"http://localhost:9091/admin\" \"Mozilla/5.0 (X11; Linux x86_64) AppleWebKit/537.36 (KHTML, like Gecko) Chrome/89.0.4389.69 Safari/537.36\"\n","timestamp":"2021-03-14T06:33:09.041Z"}
{"level":"debug","message":"::1 - - [14/Mar/2021:06:33:09 +0000] \"GET /stylesheets/style.css HTTP/1.1\" 304 - \"http://localhost:9091/admin\" \"Mozilla/5.0 (X11; Linux x86_64) AppleWebKit/537.36 (KHTML, like Gecko) Chrome/89.0.4389.69 Safari/537.36\"\n","timestamp":"2021-03-14T06:33:09.046Z"}
{"level":"debug","message":"::1 - - [14/Mar/2021:06:33:09 +0000] \"GET /js/main.js HTTP/1.1\" 304 - \"http://localhost:9091/admin\" \"Mozilla/5.0 (X11; Linux x86_64) AppleWebKit/537.36 (KHTML, like Gecko) Chrome/89.0.4389.69 Safari/537.36\"\n","timestamp":"2021-03-14T06:33:09.047Z"}
{"level":"debug","message":"::1 - - [14/Mar/2021:06:33:09 +0000] \"GET /videos/alprVideo-.mp4 HTTP/1.1\" 304 - \"http://localhost:9091/admin\" \"Mozilla/5.0 (X11; Linux x86_64) AppleWebKit/537.36 (KHTML, like Gecko) Chrome/89.0.4389.69 Safari/537.36\"\n","timestamp":"2021-03-14T06:33:09.128Z"}
{"level":"debug","message":"::1 - - [14/Mar/2021:06:33:09 +0000] \"GET /admin/info HTTP/1.1\" 200 3231 \"http://localhost:9091/admin\" \"Mozilla/5.0 (X11; Linux x86_64) AppleWebKit/537.36 (KHTML, like Gecko) Chrome/89.0.4389.69 Safari/537.36\"\n","timestamp":"2021-03-14T06:33:09.132Z"}
{"level":"debug","message":"::1 - - [14/Mar/2021:06:33:09 +0000] \"GET /videos/alprVideo-.mp4 HTTP/1.1\" 304 - \"http://localhost:9091/admin\" \"Mozilla/5.0 (X11; Linux x86_64) AppleWebKit/537.36 (KHTML, like Gecko) Chrome/89.0.4389.69 Safari/537.36\"\n","timestamp":"2021-03-14T06:33:09.238Z"}
{"level":"debug","message":"::1 - - [14/Mar/2021:06:33:13 +0000] \"GET /admin/cmd/alprlogs HTTP/1.1\" 200 3209 \"http://localhost:9091/admin\" \"Mozilla/5.0 (X11; Linux x86_64) AppleWebKit/537.36 (KHTML, like Gecko) Chrome/89.0.4389.69 Safari/537.36\"\n","timestamp":"2021-03-14T06:33:13.545Z"}
