2021-03-05 14:32:02,720 CRIT Supervisor running as root (no user in config file)
2021-03-05 14:32:02,726 INFO supervisord started with pid 1
2021-03-05 14:32:03,729 INFO spawned: 'app' with pid 10
2021-03-05 14:32:04,976 INFO success: app entered RUNNING state, process has stayed up for > than 1 seconds (startsecs)
2021-03-05 14:37:47,978 WARN received SIGTERM indicating exit request
2021-03-05 14:37:47,984 INFO waiting for app to die
2021-03-05 14:37:48,986 INFO stopped: app (terminated by SIGTERM)
2021-03-05 14:37:59,312 CRIT Supervisor running as root (no user in config file)
2021-03-05 14:37:59,314 INFO supervisord started with pid 1
2021-03-05 14:38:00,317 INFO spawned: 'app' with pid 11
2021-03-05 14:38:01,559 INFO success: app entered RUNNING state, process has stayed up for > than 1 seconds (startsecs)
2021-03-05 16:53:25,131 CRIT Supervisor running as root (no user in config file)
2021-03-05 16:53:25,137 INFO supervisord started with pid 1
2021-03-05 16:53:26,139 INFO spawned: 'app' with pid 10
2021-03-05 16:53:28,079 INFO success: app entered RUNNING state, process has stayed up for > than 1 seconds (startsecs)
2021-03-06 09:48:33,848 WARN received SIGTERM indicating exit request
2021-03-06 09:48:33,852 INFO waiting for app to die
2021-03-06 09:48:34,853 INFO stopped: app (terminated by SIGTERM)
2021-03-06 09:48:40,563 CRIT Supervisor running as root (no user in config file)
2021-03-06 09:48:40,567 INFO supervisord started with pid 1
2021-03-06 09:48:41,570 INFO spawned: 'app' with pid 10
2021-03-06 09:48:43,255 INFO success: app entered RUNNING state, process has stayed up for > than 1 seconds (startsecs)
2021-03-06 09:49:30,934 WARN received SIGTERM indicating exit request
2021-03-06 09:49:30,937 INFO waiting for app to die
2021-03-06 09:49:31,939 INFO stopped: app (terminated by SIGTERM)
2021-03-06 14:20:55,118 CRIT Supervisor running as root (no user in config file)
2021-03-06 14:20:55,125 INFO supervisord started with pid 1
2021-03-06 14:20:56,127 INFO spawned: 'app' with pid 11
2021-03-06 14:20:57,887 INFO success: app entered RUNNING state, process has stayed up for > than 1 seconds (startsecs)
2021-03-06 14:34:57,447 WARN received SIGTERM indicating exit request
2021-03-06 14:34:57,450 INFO waiting for app to die
2021-03-06 14:34:58,452 INFO stopped: app (terminated by SIGTERM)
2021-03-06 14:35:39,755 CRIT Supervisor running as root (no user in config file)
2021-03-06 14:35:39,761 INFO supervisord started with pid 1
2021-03-06 14:35:40,764 INFO spawned: 'app' with pid 11
2021-03-06 14:35:42,525 INFO success: app entered RUNNING state, process has stayed up for > than 1 seconds (startsecs)
2021-03-06 14:38:12,858 WARN received SIGTERM indicating exit request
2021-03-06 14:38:12,863 INFO waiting for app to die
2021-03-06 14:38:13,863 INFO stopped: app (terminated by SIGTERM)
2021-03-06 14:38:21,157 CRIT Supervisor running as root (no user in config file)
2021-03-06 14:38:21,159 INFO supervisord started with pid 1
2021-03-06 14:38:22,162 INFO spawned: 'app' with pid 10
2021-03-06 14:38:23,931 INFO success: app entered RUNNING state, process has stayed up for > than 1 seconds (startsecs)
2021-03-06 14:49:38,656 WARN received SIGTERM indicating exit request
2021-03-06 14:49:38,659 INFO waiting for app to die
2021-03-06 14:49:39,661 INFO stopped: app (terminated by SIGTERM)
2021-03-06 14:49:46,814 CRIT Supervisor running as root (no user in config file)
2021-03-06 14:49:46,820 INFO supervisord started with pid 1
2021-03-06 14:49:47,823 INFO spawned: 'app' with pid 11
2021-03-06 14:49:49,697 INFO success: app entered RUNNING state, process has stayed up for > than 1 seconds (startsecs)
2021-03-06 15:08:55,833 WARN received SIGTERM indicating exit request
2021-03-06 15:08:55,837 INFO waiting for app to die
2021-03-06 15:08:56,838 INFO stopped: app (terminated by SIGTERM)
2021-03-06 15:15:15,782 CRIT Supervisor running as root (no user in config file)
2021-03-06 15:15:15,785 INFO supervisord started with pid 1
2021-03-06 15:15:16,791 INFO spawned: 'app' with pid 10
2021-03-06 15:15:16,793 INFO spawned: 'alprd' with pid 11
2021-03-06 15:15:16,795 INFO spawned: 'beanstalk' with pid 12
2021-03-06 15:15:17,386 INFO exited: alprd (exit status 1; not expected)
2021-03-06 15:15:17,889 INFO success: app entered RUNNING state, process has stayed up for > than 1 seconds (startsecs)
2021-03-06 15:15:17,890 INFO success: beanstalk entered RUNNING state, process has stayed up for > than 1 seconds (startsecs)
2021-03-06 15:15:18,899 INFO spawned: 'alprd' with pid 32
2021-03-06 15:15:19,044 INFO exited: alprd (exit status 1; not expected)
2021-03-06 15:15:21,048 INFO spawned: 'alprd' with pid 34
2021-03-06 15:15:21,178 INFO exited: alprd (exit status 1; not expected)
2021-03-06 15:15:24,183 INFO spawned: 'alprd' with pid 36
2021-03-06 15:15:24,309 INFO exited: alprd (exit status 1; not expected)
2021-03-06 15:15:25,310 INFO gave up: alprd entered FATAL state, too many start retries too quickly
2021-03-06 15:36:01,672 WARN received SIGTERM indicating exit request
2021-03-06 15:36:01,672 INFO waiting for app, beanstalk to die
2021-03-06 15:36:01,673 INFO stopped: beanstalk (terminated by SIGTERM)
2021-03-06 15:36:03,680 INFO stopped: app (terminated by SIGTERM)
2021-03-06 16:00:21,922 CRIT Supervisor running as root (no user in config file)
2021-03-06 16:00:21,929 INFO supervisord started with pid 1
2021-03-06 16:00:22,932 INFO spawned: 'app' with pid 10
2021-03-06 16:00:22,934 INFO spawned: 'alprd' with pid 11
2021-03-06 16:00:22,935 INFO spawned: 'beanstalk' with pid 12
2021-03-06 16:00:24,233 INFO success: app entered RUNNING state, process has stayed up for > than 1 seconds (startsecs)
2021-03-06 16:00:24,233 INFO success: alprd entered RUNNING state, process has stayed up for > than 1 seconds (startsecs)
2021-03-06 16:00:24,233 INFO success: beanstalk entered RUNNING state, process has stayed up for > than 1 seconds (startsecs)
2021-03-06 16:06:55,831 WARN received SIGTERM indicating exit request
2021-03-06 16:06:55,831 INFO waiting for app, beanstalk, alprd to die
2021-03-06 16:06:55,832 INFO stopped: beanstalk (terminated by SIGTERM)
2021-03-06 16:06:55,836 INFO stopped: alprd (terminated by SIGTERM)
2021-03-06 16:06:55,839 INFO stopped: app (terminated by SIGTERM)
2021-03-06 16:07:02,646 CRIT Supervisor running as root (no user in config file)
2021-03-06 16:07:02,649 INFO supervisord started with pid 1
2021-03-06 16:07:03,654 INFO spawned: 'app' with pid 11
2021-03-06 16:07:03,656 INFO spawned: 'alprd' with pid 12
2021-03-06 16:07:03,658 INFO spawned: 'beanstalk' with pid 13
2021-03-06 16:07:05,643 INFO success: app entered RUNNING state, process has stayed up for > than 1 seconds (startsecs)
2021-03-06 16:07:05,643 INFO success: alprd entered RUNNING state, process has stayed up for > than 1 seconds (startsecs)
2021-03-06 16:07:05,643 INFO success: beanstalk entered RUNNING state, process has stayed up for > than 1 seconds (startsecs)
2021-03-06 16:23:51,658 CRIT Supervisor running as root (no user in config file)
2021-03-06 16:23:51,663 INFO supervisord started with pid 76
2021-03-06 16:23:52,687 INFO spawned: 'app' with pid 79
2021-03-06 16:23:52,690 INFO spawned: 'alprd' with pid 80
2021-03-06 16:23:52,694 INFO spawned: 'beanstalk' with pid 81
2021-03-06 16:23:52,735 INFO exited: beanstalk (exit status 111; not expected)
2021-03-06 16:23:53,687 INFO success: app entered RUNNING state, process has stayed up for > than 1 seconds (startsecs)
2021-03-06 16:23:54,689 INFO success: alprd entered RUNNING state, process has stayed up for > than 1 seconds (startsecs)
2021-03-06 16:23:54,692 INFO spawned: 'beanstalk' with pid 102
2021-03-06 16:23:54,781 INFO exited: beanstalk (exit status 111; not expected)
2021-03-06 16:23:57,062 INFO spawned: 'beanstalk' with pid 111
2021-03-06 16:23:57,129 INFO exited: beanstalk (exit status 111; not expected)
2021-03-06 16:24:00,134 INFO spawned: 'beanstalk' with pid 116
2021-03-06 16:24:00,209 INFO exited: beanstalk (exit status 111; not expected)
2021-03-06 16:24:00,815 INFO gave up: beanstalk entered FATAL state, too many start retries too quickly
2021-03-06 16:24:01,036 INFO exited: app (exit status 1; not expected)
2021-03-06 16:24:02,039 INFO spawned: 'app' with pid 117
2021-03-06 16:24:03,042 INFO success: app entered RUNNING state, process has stayed up for > than 1 seconds (startsecs)
2021-03-06 16:24:10,968 INFO exited: app (exit status 1; not expected)
2021-03-06 16:24:11,971 INFO spawned: 'app' with pid 140
2021-03-06 16:24:12,974 INFO success: app entered RUNNING state, process has stayed up for > than 1 seconds (startsecs)
2021-03-06 16:24:21,096 INFO exited: app (exit status 1; not expected)
2021-03-06 16:24:22,099 INFO spawned: 'app' with pid 163
2021-03-06 16:24:23,102 INFO success: app entered RUNNING state, process has stayed up for > than 1 seconds (startsecs)
2021-03-06 16:24:31,129 INFO exited: app (exit status 1; not expected)
2021-03-06 16:24:32,132 INFO spawned: 'app' with pid 186
2021-03-06 16:24:33,134 INFO success: app entered RUNNING state, process has stayed up for > than 1 seconds (startsecs)
2021-03-06 16:24:41,032 INFO exited: app (exit status 1; not expected)
2021-03-06 16:24:42,036 INFO spawned: 'app' with pid 209
2021-03-06 16:24:43,038 INFO success: app entered RUNNING state, process has stayed up for > than 1 seconds (startsecs)
2021-03-06 16:24:51,447 INFO exited: app (exit status 1; not expected)
2021-03-06 16:24:52,450 INFO spawned: 'app' with pid 247
2021-03-06 16:24:53,452 INFO success: app entered RUNNING state, process has stayed up for > than 1 seconds (startsecs)
2021-03-06 16:25:00,772 INFO exited: app (exit status 1; not expected)
2021-03-06 16:25:01,775 INFO spawned: 'app' with pid 271
2021-03-06 16:25:02,777 INFO success: app entered RUNNING state, process has stayed up for > than 1 seconds (startsecs)
2021-03-06 16:25:10,761 INFO exited: app (exit status 1; not expected)
2021-03-06 16:25:11,763 INFO spawned: 'app' with pid 294
2021-03-06 16:25:12,765 INFO success: app entered RUNNING state, process has stayed up for > than 1 seconds (startsecs)
2021-03-06 16:25:20,580 INFO exited: app (exit status 1; not expected)
2021-03-06 16:25:21,583 INFO spawned: 'app' with pid 317
2021-03-06 16:25:22,585 INFO success: app entered RUNNING state, process has stayed up for > than 1 seconds (startsecs)
2021-03-06 16:25:30,620 INFO exited: app (exit status 1; not expected)
2021-03-06 16:25:31,623 INFO spawned: 'app' with pid 340
2021-03-06 16:25:32,626 INFO success: app entered RUNNING state, process has stayed up for > than 1 seconds (startsecs)
2021-03-06 16:25:40,415 INFO exited: app (exit status 1; not expected)
2021-03-06 16:25:41,417 INFO spawned: 'app' with pid 363
2021-03-06 16:25:42,419 INFO success: app entered RUNNING state, process has stayed up for > than 1 seconds (startsecs)
2021-03-06 16:25:50,272 INFO exited: app (exit status 1; not expected)
2021-03-06 16:25:51,275 INFO spawned: 'app' with pid 386
2021-03-06 16:25:52,276 INFO success: app entered RUNNING state, process has stayed up for > than 1 seconds (startsecs)
2021-03-06 16:26:00,159 INFO exited: app (exit status 1; not expected)
2021-03-06 16:26:01,161 INFO spawned: 'app' with pid 410
2021-03-06 16:26:02,163 INFO success: app entered RUNNING state, process has stayed up for > than 1 seconds (startsecs)
2021-03-06 16:26:10,144 INFO exited: app (exit status 1; not expected)
2021-03-06 16:26:11,147 INFO spawned: 'app' with pid 433
2021-03-06 16:26:12,149 INFO success: app entered RUNNING state, process has stayed up for > than 1 seconds (startsecs)
2021-03-06 16:26:20,250 INFO exited: app (exit status 1; not expected)
2021-03-06 16:26:21,253 INFO spawned: 'app' with pid 457
2021-03-06 16:26:22,255 INFO success: app entered RUNNING state, process has stayed up for > than 1 seconds (startsecs)
2021-03-06 16:26:29,398 INFO exited: app (exit status 1; not expected)
2021-03-06 16:26:30,400 INFO spawned: 'app' with pid 480
2021-03-06 16:26:31,402 INFO success: app entered RUNNING state, process has stayed up for > than 1 seconds (startsecs)
2021-03-06 16:26:39,217 INFO exited: app (exit status 1; not expected)
2021-03-06 16:26:40,219 INFO spawned: 'app' with pid 503
2021-03-06 16:26:41,220 INFO success: app entered RUNNING state, process has stayed up for > than 1 seconds (startsecs)
2021-03-06 16:26:48,040 INFO exited: app (exit status 1; not expected)
2021-03-06 16:26:49,043 INFO spawned: 'app' with pid 526
2021-03-06 16:26:50,946 INFO success: app entered RUNNING state, process has stayed up for > than 1 seconds (startsecs)
2021-03-06 16:26:57,847 INFO exited: app (exit status 1; not expected)
2021-03-06 16:26:58,849 INFO spawned: 'app' with pid 549
2021-03-06 16:26:59,850 INFO success: app entered RUNNING state, process has stayed up for > than 1 seconds (startsecs)
2021-03-06 16:27:07,629 INFO exited: app (exit status 1; not expected)
2021-03-06 16:27:08,631 INFO spawned: 'app' with pid 572
2021-03-06 16:27:09,634 INFO success: app entered RUNNING state, process has stayed up for > than 1 seconds (startsecs)
2021-03-06 16:27:17,355 INFO exited: app (exit status 1; not expected)
2021-03-06 16:27:18,357 INFO spawned: 'app' with pid 595
2021-03-06 16:27:19,360 INFO success: app entered RUNNING state, process has stayed up for > than 1 seconds (startsecs)
2021-03-06 16:27:27,244 INFO exited: app (exit status 1; not expected)
2021-03-06 16:27:28,247 INFO spawned: 'app' with pid 618
2021-03-06 16:27:29,250 INFO success: app entered RUNNING state, process has stayed up for > than 1 seconds (startsecs)
2021-03-06 16:27:37,057 INFO exited: app (exit status 1; not expected)
2021-03-06 16:27:38,060 INFO spawned: 'app' with pid 641
2021-03-06 16:27:39,062 INFO success: app entered RUNNING state, process has stayed up for > than 1 seconds (startsecs)
2021-03-06 16:27:47,038 INFO exited: app (exit status 1; not expected)
2021-03-06 16:27:48,040 INFO spawned: 'app' with pid 664
2021-03-06 16:27:49,042 INFO success: app entered RUNNING state, process has stayed up for > than 1 seconds (startsecs)
2021-03-06 16:27:55,780 INFO exited: app (exit status 1; not expected)
2021-03-06 16:27:56,783 INFO spawned: 'app' with pid 687
2021-03-06 16:27:57,786 INFO success: app entered RUNNING state, process has stayed up for > than 1 seconds (startsecs)
2021-03-06 16:28:05,714 INFO exited: app (exit status 1; not expected)
2021-03-06 16:28:06,717 INFO spawned: 'app' with pid 710
2021-03-06 16:28:07,719 INFO success: app entered RUNNING state, process has stayed up for > than 1 seconds (startsecs)
2021-03-06 16:28:14,496 INFO exited: app (exit status 1; not expected)
2021-03-06 16:28:14,899 INFO spawned: 'app' with pid 733
2021-03-06 16:28:15,902 INFO success: app entered RUNNING state, process has stayed up for > than 1 seconds (startsecs)
2021-03-06 16:28:23,757 INFO exited: app (exit status 1; not expected)
2021-03-06 16:28:24,760 INFO spawned: 'app' with pid 756
2021-03-06 16:28:25,762 INFO success: app entered RUNNING state, process has stayed up for > than 1 seconds (startsecs)
2021-03-06 16:28:34,000 INFO exited: app (exit status 1; not expected)
2021-03-06 16:28:35,003 INFO spawned: 'app' with pid 779
2021-03-06 16:28:36,005 INFO success: app entered RUNNING state, process has stayed up for > than 1 seconds (startsecs)
2021-03-06 16:28:44,129 INFO exited: app (exit status 1; not expected)
2021-03-06 16:28:45,131 INFO spawned: 'app' with pid 803
2021-03-06 16:28:46,133 INFO success: app entered RUNNING state, process has stayed up for > than 1 seconds (startsecs)
2021-03-06 16:28:54,116 INFO exited: app (exit status 1; not expected)
2021-03-06 16:28:55,119 INFO spawned: 'app' with pid 826
2021-03-06 16:28:56,122 INFO success: app entered RUNNING state, process has stayed up for > than 1 seconds (startsecs)
2021-03-06 16:29:04,128 INFO exited: app (exit status 1; not expected)
2021-03-06 16:29:05,131 INFO spawned: 'app' with pid 849
2021-03-06 16:29:06,135 INFO success: app entered RUNNING state, process has stayed up for > than 1 seconds (startsecs)
2021-03-06 16:29:14,174 INFO exited: app (exit status 1; not expected)
2021-03-06 16:29:15,177 INFO spawned: 'app' with pid 872
2021-03-06 16:29:16,179 INFO success: app entered RUNNING state, process has stayed up for > than 1 seconds (startsecs)
2021-03-06 16:29:23,156 INFO exited: app (exit status 1; not expected)
2021-03-06 16:29:24,160 INFO spawned: 'app' with pid 895
2021-03-06 16:29:25,162 INFO success: app entered RUNNING state, process has stayed up for > than 1 seconds (startsecs)
2021-03-06 16:29:32,980 INFO exited: app (exit status 1; not expected)
2021-03-06 16:29:33,983 INFO spawned: 'app' with pid 918
2021-03-06 16:29:34,986 INFO success: app entered RUNNING state, process has stayed up for > than 1 seconds (startsecs)
2021-03-06 16:29:41,661 INFO exited: app (exit status 1; not expected)
2021-03-06 16:29:42,663 INFO spawned: 'app' with pid 941
2021-03-06 16:29:43,666 INFO success: app entered RUNNING state, process has stayed up for > than 1 seconds (startsecs)
2021-03-06 16:29:51,583 INFO exited: app (exit status 1; not expected)
2021-03-06 16:29:52,585 INFO spawned: 'app' with pid 964
2021-03-06 16:29:53,588 INFO success: app entered RUNNING state, process has stayed up for > than 1 seconds (startsecs)
2021-03-06 16:30:01,288 INFO exited: app (exit status 1; not expected)
2021-03-06 16:30:02,290 INFO spawned: 'app' with pid 987
2021-03-06 16:30:03,292 INFO success: app entered RUNNING state, process has stayed up for > than 1 seconds (startsecs)
2021-03-06 16:30:11,371 INFO exited: app (exit status 1; not expected)
2021-03-06 16:30:12,373 INFO spawned: 'app' with pid 1010
2021-03-06 16:30:13,378 INFO success: app entered RUNNING state, process has stayed up for > than 1 seconds (startsecs)
2021-03-06 16:30:21,869 INFO exited: app (exit status 1; not expected)
2021-03-06 16:30:22,872 INFO spawned: 'app' with pid 1033
2021-03-06 16:30:23,874 INFO success: app entered RUNNING state, process has stayed up for > than 1 seconds (startsecs)
2021-03-06 16:30:32,541 INFO exited: app (exit status 1; not expected)
2021-03-06 16:30:33,543 INFO spawned: 'app' with pid 1056
2021-03-06 16:30:34,545 INFO success: app entered RUNNING state, process has stayed up for > than 1 seconds (startsecs)
2021-03-06 16:30:42,916 INFO exited: app (exit status 1; not expected)
2021-03-06 16:30:43,919 INFO spawned: 'app' with pid 1079
2021-03-06 16:30:44,920 INFO success: app entered RUNNING state, process has stayed up for > than 1 seconds (startsecs)
2021-03-06 16:30:52,636 INFO exited: app (exit status 1; not expected)
2021-03-06 16:30:53,639 INFO spawned: 'app' with pid 1102
2021-03-06 16:30:54,640 INFO success: app entered RUNNING state, process has stayed up for > than 1 seconds (startsecs)
2021-03-06 16:31:03,275 INFO exited: app (exit status 1; not expected)
2021-03-06 16:31:04,277 INFO spawned: 'app' with pid 1125
2021-03-06 16:31:05,280 INFO success: app entered RUNNING state, process has stayed up for > than 1 seconds (startsecs)
2021-03-06 16:31:12,989 INFO exited: app (exit status 1; not expected)
2021-03-06 16:31:13,992 INFO spawned: 'app' with pid 1148
2021-03-06 16:31:14,993 INFO success: app entered RUNNING state, process has stayed up for > than 1 seconds (startsecs)
2021-03-06 16:31:23,904 INFO exited: app (exit status 1; not expected)
2021-03-06 16:31:24,907 INFO spawned: 'app' with pid 1171
2021-03-06 16:31:25,908 INFO success: app entered RUNNING state, process has stayed up for > than 1 seconds (startsecs)
2021-03-06 16:31:34,544 INFO exited: app (exit status 1; not expected)
2021-03-06 16:31:35,547 INFO spawned: 'app' with pid 1194
2021-03-06 16:31:36,550 INFO success: app entered RUNNING state, process has stayed up for > than 1 seconds (startsecs)
2021-03-06 16:31:44,870 INFO exited: app (exit status 1; not expected)
2021-03-06 16:31:45,873 INFO spawned: 'app' with pid 1217
2021-03-06 16:31:46,874 INFO success: app entered RUNNING state, process has stayed up for > than 1 seconds (startsecs)
2021-03-06 16:31:55,118 INFO exited: app (exit status 1; not expected)
2021-03-06 16:31:56,121 INFO spawned: 'app' with pid 1240
2021-03-06 16:31:57,122 INFO success: app entered RUNNING state, process has stayed up for > than 1 seconds (startsecs)
2021-03-06 16:32:05,348 INFO exited: app (exit status 1; not expected)
2021-03-06 16:32:06,351 INFO spawned: 'app' with pid 1263
2021-03-06 16:32:07,352 INFO success: app entered RUNNING state, process has stayed up for > than 1 seconds (startsecs)
2021-03-06 16:32:15,793 INFO exited: app (exit status 1; not expected)
2021-03-06 16:32:16,795 INFO spawned: 'app' with pid 1286
2021-03-06 16:32:17,796 INFO success: app entered RUNNING state, process has stayed up for > than 1 seconds (startsecs)
2021-03-06 16:32:25,783 INFO exited: app (exit status 1; not expected)
2021-03-06 16:32:26,698 INFO spawned: 'app' with pid 1309
2021-03-06 16:32:27,700 INFO success: app entered RUNNING state, process has stayed up for > than 1 seconds (startsecs)
2021-03-06 16:32:34,729 INFO exited: app (exit status 1; not expected)
2021-03-06 16:32:35,732 INFO spawned: 'app' with pid 1332
2021-03-06 16:32:36,734 INFO success: app entered RUNNING state, process has stayed up for > than 1 seconds (startsecs)
2021-03-06 16:32:44,647 INFO exited: app (exit status 1; not expected)
2021-03-06 16:32:45,649 INFO spawned: 'app' with pid 1355
2021-03-06 16:32:46,651 INFO success: app entered RUNNING state, process has stayed up for > than 1 seconds (startsecs)
2021-03-06 16:32:54,788 INFO exited: app (exit status 1; not expected)
2021-03-06 16:32:55,791 INFO spawned: 'app' with pid 1378
2021-03-06 16:32:56,793 INFO success: app entered RUNNING state, process has stayed up for > than 1 seconds (startsecs)
2021-03-06 16:33:04,691 INFO exited: app (exit status 1; not expected)
2021-03-06 16:33:05,693 INFO spawned: 'app' with pid 1401
2021-03-06 16:33:06,695 INFO success: app entered RUNNING state, process has stayed up for > than 1 seconds (startsecs)
2021-03-06 16:33:14,523 INFO exited: app (exit status 1; not expected)
2021-03-06 16:33:15,525 INFO spawned: 'app' with pid 1424
2021-03-06 16:33:16,527 INFO success: app entered RUNNING state, process has stayed up for > than 1 seconds (startsecs)
2021-03-06 16:33:24,457 INFO exited: app (exit status 1; not expected)
2021-03-06 16:33:25,460 INFO spawned: 'app' with pid 1447
2021-03-06 16:33:26,462 INFO success: app entered RUNNING state, process has stayed up for > than 1 seconds (startsecs)
2021-03-06 16:33:34,308 INFO exited: app (exit status 1; not expected)
2021-03-06 16:33:35,311 INFO spawned: 'app' with pid 1470
2021-03-06 16:33:36,314 INFO success: app entered RUNNING state, process has stayed up for > than 1 seconds (startsecs)
2021-03-06 16:33:44,218 INFO exited: app (exit status 1; not expected)
2021-03-06 16:33:45,221 INFO spawned: 'app' with pid 1493
2021-03-06 16:33:46,222 INFO success: app entered RUNNING state, process has stayed up for > than 1 seconds (startsecs)
2021-03-06 16:33:53,981 INFO exited: app (exit status 1; not expected)
2021-03-06 16:33:54,984 INFO spawned: 'app' with pid 1516
2021-03-06 16:33:55,985 INFO success: app entered RUNNING state, process has stayed up for > than 1 seconds (startsecs)
2021-03-06 16:34:02,944 INFO exited: app (exit status 1; not expected)
2021-03-06 16:34:03,949 INFO spawned: 'app' with pid 1539
2021-03-06 16:34:04,952 INFO success: app entered RUNNING state, process has stayed up for > than 1 seconds (startsecs)
2021-03-06 16:34:13,633 INFO exited: app (exit status 1; not expected)
2021-03-06 16:34:14,635 INFO spawned: 'app' with pid 1562
2021-03-06 16:34:16,412 INFO success: app entered RUNNING state, process has stayed up for > than 1 seconds (startsecs)
2021-03-06 16:34:24,123 INFO exited: app (exit status 1; not expected)
2021-03-06 16:34:25,126 INFO spawned: 'app' with pid 1585
2021-03-06 16:34:26,128 INFO success: app entered RUNNING state, process has stayed up for > than 1 seconds (startsecs)
2021-03-06 16:34:34,378 INFO exited: app (exit status 1; not expected)
2021-03-06 16:34:35,380 INFO spawned: 'app' with pid 1608
2021-03-06 16:34:36,382 INFO success: app entered RUNNING state, process has stayed up for > than 1 seconds (startsecs)
2021-03-06 16:34:44,609 INFO exited: app (exit status 1; not expected)
2021-03-06 16:34:45,612 INFO spawned: 'app' with pid 1631
2021-03-06 16:34:46,614 INFO success: app entered RUNNING state, process has stayed up for > than 1 seconds (startsecs)
2021-03-06 16:34:54,488 INFO exited: app (exit status 1; not expected)
2021-03-06 16:34:55,491 INFO spawned: 'app' with pid 1654
2021-03-06 16:34:56,492 INFO success: app entered RUNNING state, process has stayed up for > than 1 seconds (startsecs)
2021-03-06 16:35:04,564 INFO exited: app (exit status 1; not expected)
2021-03-06 16:35:05,567 INFO spawned: 'app' with pid 1677
2021-03-06 16:35:06,568 INFO success: app entered RUNNING state, process has stayed up for > than 1 seconds (startsecs)
2021-03-06 16:35:13,195 INFO exited: app (exit status 1; not expected)
2021-03-06 16:35:14,197 INFO spawned: 'app' with pid 1700
2021-03-06 16:35:15,199 INFO success: app entered RUNNING state, process has stayed up for > than 1 seconds (startsecs)
2021-03-06 16:35:23,131 INFO exited: app (exit status 1; not expected)
2021-03-06 16:35:24,133 INFO spawned: 'app' with pid 1723
2021-03-06 16:35:25,135 INFO success: app entered RUNNING state, process has stayed up for > than 1 seconds (startsecs)
2021-03-06 16:35:32,092 INFO exited: app (exit status 1; not expected)
2021-03-06 16:35:33,095 INFO spawned: 'app' with pid 1746
2021-03-06 16:35:34,096 INFO success: app entered RUNNING state, process has stayed up for > than 1 seconds (startsecs)
2021-03-06 16:35:42,002 INFO exited: app (exit status 1; not expected)
2021-03-06 16:35:43,005 INFO spawned: 'app' with pid 1769
2021-03-06 16:35:44,007 INFO success: app entered RUNNING state, process has stayed up for > than 1 seconds (startsecs)
2021-03-06 16:35:51,951 INFO exited: app (exit status 1; not expected)
2021-03-06 16:35:52,953 INFO spawned: 'app' with pid 1792
2021-03-06 16:35:53,956 INFO success: app entered RUNNING state, process has stayed up for > than 1 seconds (startsecs)
2021-03-06 16:36:01,892 INFO exited: app (exit status 1; not expected)
2021-03-06 16:36:02,895 INFO spawned: 'app' with pid 1815
2021-03-06 16:36:03,897 INFO success: app entered RUNNING state, process has stayed up for > than 1 seconds (startsecs)
2021-03-06 16:36:11,928 INFO exited: app (exit status 1; not expected)
2021-03-06 16:36:12,931 INFO spawned: 'app' with pid 1838
2021-03-06 16:36:13,933 INFO success: app entered RUNNING state, process has stayed up for > than 1 seconds (startsecs)
2021-03-06 16:36:22,124 INFO exited: app (exit status 1; not expected)
2021-03-06 16:36:23,127 INFO spawned: 'app' with pid 1861
2021-03-06 16:36:24,128 INFO success: app entered RUNNING state, process has stayed up for > than 1 seconds (startsecs)
2021-03-06 16:36:32,128 INFO exited: app (exit status 1; not expected)
2021-03-06 16:36:33,131 INFO spawned: 'app' with pid 1884
2021-03-06 16:36:34,132 INFO success: app entered RUNNING state, process has stayed up for > than 1 seconds (startsecs)
2021-03-06 16:36:41,410 INFO exited: app (exit status 1; not expected)
2021-03-06 16:36:42,412 INFO spawned: 'app' with pid 1907
2021-03-06 16:36:43,414 INFO success: app entered RUNNING state, process has stayed up for > than 1 seconds (startsecs)
2021-03-06 16:36:51,235 INFO exited: app (exit status 1; not expected)
2021-03-06 16:36:52,237 INFO spawned: 'app' with pid 1930
2021-03-06 16:36:53,969 INFO success: app entered RUNNING state, process has stayed up for > than 1 seconds (startsecs)
2021-03-06 16:37:01,228 INFO exited: app (exit status 1; not expected)
2021-03-06 16:37:02,231 INFO spawned: 'app' with pid 1953
2021-03-06 16:37:03,232 INFO success: app entered RUNNING state, process has stayed up for > than 1 seconds (startsecs)
2021-03-06 16:37:10,994 INFO exited: app (exit status 1; not expected)
2021-03-06 16:37:11,997 INFO spawned: 'app' with pid 1976
2021-03-06 16:37:12,999 INFO success: app entered RUNNING state, process has stayed up for > than 1 seconds (startsecs)
2021-03-06 16:37:20,800 INFO exited: app (exit status 1; not expected)
2021-03-06 16:37:21,803 INFO spawned: 'app' with pid 1999
2021-03-06 16:37:22,804 INFO success: app entered RUNNING state, process has stayed up for > than 1 seconds (startsecs)
2021-03-06 16:37:30,674 INFO exited: app (exit status 1; not expected)
2021-03-06 16:37:31,676 INFO spawned: 'app' with pid 2022
2021-03-06 16:37:32,678 INFO success: app entered RUNNING state, process has stayed up for > than 1 seconds (startsecs)
2021-03-06 16:37:40,668 INFO exited: app (exit status 1; not expected)
2021-03-06 16:37:41,671 INFO spawned: 'app' with pid 2045
2021-03-06 16:37:42,672 INFO success: app entered RUNNING state, process has stayed up for > than 1 seconds (startsecs)
2021-03-06 16:37:50,420 INFO exited: app (exit status 1; not expected)
2021-03-06 16:37:50,717 INFO spawned: 'app' with pid 2068
2021-03-06 16:37:51,719 INFO success: app entered RUNNING state, process has stayed up for > than 1 seconds (startsecs)
2021-03-06 16:37:59,656 INFO exited: app (exit status 1; not expected)
2021-03-06 16:38:00,658 INFO spawned: 'app' with pid 2091
2021-03-06 16:38:01,660 INFO success: app entered RUNNING state, process has stayed up for > than 1 seconds (startsecs)
2021-03-06 16:38:08,418 INFO exited: app (exit status 1; not expected)
2021-03-06 16:38:09,421 INFO spawned: 'app' with pid 2114
2021-03-06 16:38:10,423 INFO success: app entered RUNNING state, process has stayed up for > than 1 seconds (startsecs)
2021-03-06 16:38:17,322 INFO exited: app (exit status 1; not expected)
2021-03-06 16:38:18,323 INFO spawned: 'app' with pid 2137
2021-03-06 16:38:19,324 INFO success: app entered RUNNING state, process has stayed up for > than 1 seconds (startsecs)
2021-03-06 16:38:20,555 WARN received SIGTERM indicating exit request
2021-03-06 16:38:20,555 INFO waiting for app, beanstalk, alprd to die
2021-03-06 16:38:20,557 INFO stopped: beanstalk (terminated by SIGTERM)
2021-03-06 16:38:20,561 INFO stopped: alprd (terminated by SIGTERM)
2021-03-06 16:38:20,565 INFO stopped: app (terminated by SIGTERM)
2021-03-06 21:42:09,903 CRIT Supervisor running as root (no user in config file)
2021-03-06 21:42:09,904 INFO Included extra file "/etc/supervisor/conf.d/supervisord.conf" during parsing
2021-03-06 21:42:09,906 INFO supervisord started with pid 1
2021-03-06 21:42:10,914 INFO spawned: 'app' with pid 11
2021-03-06 21:42:10,916 INFO spawned: 'alprd' with pid 12
2021-03-06 21:42:10,917 INFO spawned: 'beanstalk' with pid 13
2021-03-06 21:42:12,889 INFO success: app entered RUNNING state, process has stayed up for > than 1 seconds (startsecs)
2021-03-06 21:42:12,890 INFO success: alprd entered RUNNING state, process has stayed up for > than 1 seconds (startsecs)
2021-03-06 21:42:12,890 INFO success: beanstalk entered RUNNING state, process has stayed up for > than 1 seconds (startsecs)
2021-03-06 21:46:03,247 WARN received SIGTERM indicating exit request
2021-03-06 21:46:03,248 INFO waiting for app, beanstalk, alprd to die
2021-03-06 21:46:03,248 INFO stopped: beanstalk (terminated by SIGTERM)
2021-03-06 21:46:03,252 INFO stopped: alprd (terminated by SIGTERM)
2021-03-06 21:46:03,255 INFO stopped: app (terminated by SIGTERM)
